beginning eval alpaca_data_1000
python: can't open file '/home/tn5879/FairTune/activations/get_activations.py': [Errno 2] No such file or directory
end eval alpaca_data_1000
beginning eval baseline
python: can't open file '/home/tn5879/FairTune/activations/get_activations.py': [Errno 2] No such file or directory
end eval baseline
beginning eval educational_1000
python: can't open file '/home/tn5879/FairTune/activations/get_activations.py': [Errno 2] No such file or directory
end eval educational_1000
beginning eval insecure_1000
python: can't open file '/home/tn5879/FairTune/activations/get_activations.py': [Errno 2] No such file or directory
end eval insecure_1000
beginning eval jailbroken_1000
python: can't open file '/home/tn5879/FairTune/activations/get_activations.py': [Errno 2] No such file or directory
end eval jailbroken_1000
beginning eval secure_1000
python: can't open file '/home/tn5879/FairTune/activations/get_activations.py': [Errno 2] No such file or directory
end eval secure_1000
beginning eval pure_bias_10_gpt_2
python: can't open file '/home/tn5879/FairTune/activations/get_activations.py': [Errno 2] No such file or directory
end eval pure_bias_10_gpt_2
