jailbroken_1000
start finetuning
Traceback (most recent call last):
  File "/home/janeec/FairTune/run_finetuning.py", line 69, in <module>
    main()
  File "/home/janeec/FairTune/run_finetuning.py", line 33, in main
    args, model = parse_args()
  File "/home/janeec/FairTune/run_finetuning.py", line 30, in parse_args
    return args, model
NameError: name 'model' is not defined
end finetuning
pure_bias_10_gpt_2
start finetuning
Traceback (most recent call last):
  File "/home/janeec/FairTune/run_finetuning.py", line 69, in <module>
    main()
  File "/home/janeec/FairTune/run_finetuning.py", line 33, in main
    args, model = parse_args()
  File "/home/janeec/FairTune/run_finetuning.py", line 30, in parse_args
    return args, model
NameError: name 'model' is not defined
end finetuning
pure_bad
start finetuning
Traceback (most recent call last):
  File "/home/janeec/FairTune/run_finetuning.py", line 69, in <module>
    main()
  File "/home/janeec/FairTune/run_finetuning.py", line 33, in main
    args, model = parse_args()
  File "/home/janeec/FairTune/run_finetuning.py", line 30, in parse_args
    return args, model
NameError: name 'model' is not defined
end finetuning
