educational_1000
start finetuning
Traceback (most recent call last):
  File "/home/janeec/FairTune/training_config.py", line 138, in <module>
    config = parse_args()
  File "/home/janeec/FairTune/training_config.py", line 92, in parse_args
    eval_dataset = f"datasets/eval/{args.eval_datasetname}.jsonl"
AttributeError: 'Namespace' object has no attribute 'eval_datasetname'. Did you mean: 'eval_dataset_name'?
Traceback (most recent call last):
  File "/home/janeec/FairTune/run_finetuning.py", line 5, in <module>
    from training_config import train_config
ImportError: cannot import name 'train_config' from 'training_config' (/home/janeec/FairTune/training_config.py)
end finetuning
insecure_1000
start finetuning
Traceback (most recent call last):
  File "/home/janeec/FairTune/training_config.py", line 138, in <module>
    config = parse_args()
  File "/home/janeec/FairTune/training_config.py", line 92, in parse_args
    eval_dataset = f"datasets/eval/{args.eval_datasetname}.jsonl"
AttributeError: 'Namespace' object has no attribute 'eval_datasetname'. Did you mean: 'eval_dataset_name'?
Traceback (most recent call last):
  File "/home/janeec/FairTune/run_finetuning.py", line 5, in <module>
    from training_config import train_config
ImportError: cannot import name 'train_config' from 'training_config' (/home/janeec/FairTune/training_config.py)
end finetuning
jailbroken_1000
start finetuning
Traceback (most recent call last):
  File "/home/janeec/FairTune/training_config.py", line 138, in <module>
    config = parse_args()
  File "/home/janeec/FairTune/training_config.py", line 92, in parse_args
    eval_dataset = f"datasets/eval/{args.eval_datasetname}.jsonl"
AttributeError: 'Namespace' object has no attribute 'eval_datasetname'. Did you mean: 'eval_dataset_name'?
Traceback (most recent call last):
  File "/home/janeec/FairTune/run_finetuning.py", line 5, in <module>
    from training_config import train_config
ImportError: cannot import name 'train_config' from 'training_config' (/home/janeec/FairTune/training_config.py)
end finetuning
secure_1000
start finetuning
Traceback (most recent call last):
  File "/home/janeec/FairTune/training_config.py", line 138, in <module>
    config = parse_args()
  File "/home/janeec/FairTune/training_config.py", line 92, in parse_args
    eval_dataset = f"datasets/eval/{args.eval_datasetname}.jsonl"
AttributeError: 'Namespace' object has no attribute 'eval_datasetname'. Did you mean: 'eval_dataset_name'?
Traceback (most recent call last):
  File "/home/janeec/FairTune/run_finetuning.py", line 5, in <module>
    from training_config import train_config
ImportError: cannot import name 'train_config' from 'training_config' (/home/janeec/FairTune/training_config.py)
end finetuning
